Drill Listing
=============
Drill: .01181  Tool: 1  Feed: 95  Speed: 300
X 120000  Y 125000
X 130000  Y 180000
X 132500  Y 230000
X 130000  Y 232500
X 120000  Y 232500
X 130000  Y 282500
X 115000  Y 290000
X 110000  Y 290000
X 120000  Y 290000
X 110000  Y 295000
X 115000  Y 295000
X 120000  Y 295000
X 150000  Y 265000
X 150000  Y 260000
X 142500  Y 252500
X 147500  Y 252500
X 150000  Y 250000
X 142500  Y 250000
X 145000  Y 127500
X 142500  Y 125000
X 140000  Y 122500
X 137500  Y 120000
X 142500  Y 112500
X 140000  Y 110000
X 145000  Y 107500
X 167500  Y 155000
X 205000  Y 162500
X 167500  Y 165000
X 187500  Y 207500
X 165000  Y 225000
X 172500  Y 225000
X 160000  Y 290000
X 230000  Y 290000
X 240000  Y 290000
X 250000  Y 290000
X 212992  Y 285039
X 235000  Y 275000
X 210000  Y 275000
X 235000  Y 255000
X 227500  Y 207500
X 240000  Y 130000
X 240000  Y 120000
X 240000  Y 115000
X 295000  Y 115000
X 300000  Y 115000
X 290000  Y 115000
X 285000  Y 115000
X 265000  Y 122500
X 290000  Y 122500
X 300000  Y 130000
X 295000  Y 130000
X 290000  Y 130000
X 285000  Y 130000
X 280000  Y 130000
X 297500  Y 145000
X 295000  Y 147500
X 297500  Y 155000
X 295000  Y 157500
X 275000  Y 160000
X 285000  Y 160000
X 280000  Y 160000
X 305000  Y 170000
X 290944  Y 227165
X 267500  Y 237500
X 260000  Y 290000
X 327500  Y 175000
X 342500  Y 142500
X 340000  Y 135000
X 340000  Y 130000
X 345000  Y 130000
X 335000  Y 130000
X 315000  Y 125000
X 340000  Y 125000

Drill: .035  Tool: 2  Feed: 197  Speed: 550
X 130000  Y 300000
X 140000  Y 300000
X 150000  Y 300000
X 140000  Y 310000
X 130000  Y 310000
X 150000  Y 310000
X 160000  Y 310000
X 170000  Y 310000
X 180000  Y 310000
X 190000  Y 310000
X 200000  Y 310000
X 170000  Y 300000
X 190000  Y 300000
X 160000  Y 300000
X 200000  Y 300000
X 180000  Y 300000
X 210000  Y 300000
X 220000  Y 300000
X 230000  Y 300000
X 240000  Y 300000
X 250000  Y 300000
X 230000  Y 310000
X 220000  Y 310000
X 240000  Y 310000
X 210000  Y 310000
X 250000  Y 310000
X 260000  Y 310000
X 270000  Y 310000
X 280000  Y 310000
X 290000  Y 310000
X 300000  Y 310000
X 270000  Y 300000
X 260000  Y 300000
X 300000  Y 300000
X 280000  Y 300000
X 290000  Y 300000
X 282531  Y 274818
X 302531  Y 274818
X 320000  Y 300000
X 310000  Y 300000
X 320000  Y 310000
X 310000  Y 310000

Drill: .03543  Tool: 3  Feed: 197  Speed: 550
X 337500  Y 190000
X 337500  Y 220000
X 337500  Y 247500
X 163740  Y 150000 X 156259  Y 150000
X 163740  Y 125000 X 156259  Y 125000
X 175000  Y 141240 X 175000  Y 133759

Drill: .03937  Tool: 4  Feed: 197  Speed: 550
X 110000  Y 135000
X 120000  Y 135000
X 130000  Y 135000
X 110000  Y 145000
X 120000  Y 145000
X 130000  Y 145000
X 115425  Y 164413
X 125425  Y 164413
X 110000  Y 190000
X 120000  Y 190000
X 130000  Y 190000
X 110000  Y 200000
X 120000  Y 200000
X 130000  Y 200000
X 110000  Y 210000
X 120000  Y 210000
X 130000  Y 210000
X 110000  Y 220000
X 120000  Y 220000
X 130000  Y 220000
X 125000  Y 245000
X 115000  Y 245000
X 120000  Y 265000
X 130000  Y 265000
X 110000  Y 265000
X 120000  Y 275000
X 130000  Y 275000
X 110000  Y 275000
X 170000  Y 280000
X 180000  Y 280000
X 170000  Y 260000
X 180000  Y 260000
X 170000  Y 240000
X 160000  Y 240000
X 150000  Y 240000
X 180000  Y 240000
X 200000  Y 122500
X 210000  Y 122500
X 220000  Y 122500
X 200000  Y 240000
X 230000  Y 240000
X 220000  Y 240000
X 210000  Y 240000
X 190000  Y 240000
X 200000  Y 260000
X 210000  Y 260000
X 220000  Y 260000
X 230000  Y 260000
X 190000  Y 260000
X 210000  Y 280000
X 220000  Y 280000
X 230000  Y 280000
X 190000  Y 280000
X 200000  Y 280000
X 240000  Y 280000
X 240000  Y 260000
X 260000  Y 250000
X 240000  Y 240000
X 260000  Y 240000
X 260000  Y 230000
X 260000  Y 220000
X 260000  Y 210000
X 260000  Y 200000
X 260000  Y 190000
X 260000  Y 180000
X 260000  Y 170000
X 260000  Y 160000
X 260000  Y 150000
X 260000  Y 140000
X 260000  Y 130000
X 260000  Y 120000
X 260000  Y 110000
X 320000  Y 110000
X 320000  Y 120000
X 320000  Y 130000
X 320000  Y 140000
X 320000  Y 150000
X 320000  Y 160000
X 320000  Y 170000
X 320000  Y 180000
X 320000  Y 190000
X 320000  Y 200000
X 320000  Y 210000
X 320000  Y 220000
X 320000  Y 230000
X 320000  Y 240000
X 320000  Y 250000
X 330000  Y 270000
X 330000  Y 290000
X 350000  Y 290000
X 340000  Y 290000
X 340000  Y 270000
X 350000  Y 270000
X 347500  Y 247500
X 347500  Y 220000
X 347500  Y 190000

Drill: .04724  Tool: 5  Feed: 139  Speed: 550
X 160000  Y 260000
X 160000  Y 280000

End of Listing
